<?xml version="1.0" encoding="UTF-8"?>
<!-- Generated by org.testng.reporters.JUnitReportReporter -->
<testsuite hostname="LAPTOP-0FLDTBIB" failures="0" tests="1" name="com.onlinebanking.practise.test.LoginToBankTest" time="9.662" errors="0" timestamp="2024-11-20T13:11:02 IST" skipped="0">
  <testcase classname="com.onlinebanking.practise.test.LoginToBankTest" name="createOpenAccountTest" time="9.662"/>
</testsuite> <!-- com.onlinebanking.practise.test.LoginToBankTest -->
